==============================================================================
Suites                                                                        
==============================================================================
Suites.HandlingMultipleWindows :: RobotFrameWork by RaviBabu.                 
==============================================================================
Validating MultipleBrowsers                                           Google
The Internet
| PASS |
------------------------------------------------------------------------------
Validating MultipleWindows                                            The title of First window is : The Internet
The title of Second Window is : New Window
| PASS |
------------------------------------------------------------------------------
Suites.HandlingMultipleWindows :: RobotFrameWork by RaviBabu.         | PASS |
2 tests, 2 passed, 0 failed
==============================================================================
Suites                                                                | PASS |
2 tests, 2 passed, 0 failed
==============================================================================
Output:  C:\Users\Ravi Singavarapu\PycharmProjects\RobotFrameWorkProject\ResultsP\pabot_results\3\output.xml
