==============================================================================
Suites                                                                        
==============================================================================
Suites.DataDrivenTesting                                                      
==============================================================================
valid user Empty password                                             | PASS |
------------------------------------------------------------------------------
valid user invalid password                                           | PASS |
------------------------------------------------------------------------------
invalid user Empty password                                           | PASS |
------------------------------------------------------------------------------
invalid user invalid password                                         | PASS |
------------------------------------------------------------------------------
invalid user valid password                                           | PASS |
------------------------------------------------------------------------------
Suites.DataDrivenTesting                                              | PASS |
5 tests, 5 passed, 0 failed
==============================================================================
Suites                                                                | PASS |
5 tests, 5 passed, 0 failed
==============================================================================
Output:  C:\Users\Ravi Singavarapu\PycharmProjects\RobotFrameWorkProject\Restults2\pabot_results\0\output.xml
